\BOOKMARK [0][-]{Doc-Start}{\376\377\000A\000b\000s\000t\000r\000a\000c\000t}{}% 1
\BOOKMARK [0][-]{Doc-Start}{\376\377\000D\000e\000d\000i\000c\000a\000t\000i\000o\000n}{}% 2
\BOOKMARK [0][-]{chapter*.1}{\376\377\000G\000e\000n\000e\000r\000a\000l\000\040\000I\000n\000t\000r\000o\000d\000u\000c\000t\000i\000o\000n}{}% 3
\BOOKMARK [0][-]{chapter.1}{\376\377\000T\000h\000e\000o\000r\000e\000t\000i\000c\000a\000l\000\040\000F\000r\000a\000m\000e\000w\000o\000r\000k}{}% 4
\BOOKMARK [1][-]{section.1.1}{\376\377\000A\000r\000t\000i\000f\000i\000c\000i\000a\000l\000\040\000N\000e\000u\000r\000a\000l\000\040\000N\000e\000t\000w\000o\000r\000k\000s}{chapter.1}% 5
\BOOKMARK [2][-]{subsection.1.1.1}{\376\377\000M\000u\000l\000t\000i\000l\000a\000y\000e\000r\000\040\000P\000e\000r\000c\000e\000p\000t\000r\000o\000n}{section.1.1}% 6
\BOOKMARK [1][-]{section.1.2}{\376\377\000C\000o\000n\000v\000o\000l\000u\000t\000i\000o\000n\000a\000l\000\040\000N\000e\000u\000r\000a\000l\000\040\000N\000e\000t\000w\000o\000r\000k\000s}{chapter.1}% 7
\BOOKMARK [2][-]{subsection.1.2.1}{\376\377\000A\000r\000c\000h\000i\000t\000e\000c\000t\000u\000r\000e}{section.1.2}% 8
\BOOKMARK [3][-]{subsubsection.1.2.1.1}{\376\377\000C\000o\000n\000v\000o\000l\000u\000t\000i\000o\000n\000\040\000L\000a\000y\000e\000r}{subsection.1.2.1}% 9
\BOOKMARK [3][-]{subsubsection.1.2.1.2}{\376\377\000P\000o\000o\000l\000i\000n\000g\000\040\000O\000p\000e\000r\000a\000t\000i\000o\000n}{subsection.1.2.1}% 10
\BOOKMARK [3][-]{subsubsection.1.2.1.3}{\376\377\000F\000u\000l\000l\000y\000\040\000C\000o\000n\000n\000e\000c\000t\000e\000d\000\040\000L\000a\000y\000e\000r}{subsection.1.2.1}% 11
\BOOKMARK [1][-]{section.1.3}{\376\377\000R\000e\000c\000u\000r\000r\000e\000n\000t\000\040\000N\000e\000u\000r\000a\000l\000\040\000N\000e\000t\000w\000o\000r\000k\000s}{chapter.1}% 12
\BOOKMARK [2][-]{subsection.1.3.1}{\376\377\000A\000r\000c\000h\000i\000t\000e\000c\000t\000u\000r\000e}{section.1.3}% 13
\BOOKMARK [2][-]{subsection.1.3.2}{\376\377\000T\000r\000a\000i\000n\000i\000n\000g}{section.1.3}% 14
\BOOKMARK [2][-]{subsection.1.3.3}{\376\377\000T\000y\000p\000e\000s\000\040\000o\000f\000\040\000R\000N\000N\000s}{section.1.3}% 15
\BOOKMARK [2][-]{subsection.1.3.4}{\376\377\000L\000o\000n\000g\000\040\000S\000h\000o\000r\000t\000\040\000T\000e\000r\000m\000\040\000M\000e\000m\000o\000r\000y}{section.1.3}% 16
\BOOKMARK [3][-]{subsubsection.1.3.4.1}{\376\377\000M\000a\000t\000h\000e\000m\000a\000t\000i\000c\000a\000l\000\040\000D\000e\000s\000c\000r\000i\000p\000t\000i\000o\000n\000\040\000o\000f\000\040\000L\000S\000T\000M}{subsection.1.3.4}% 17
\BOOKMARK [1][-]{section.1.4}{\376\377\000T\000h\000e\000\040\000T\000r\000a\000i\000n\000i\000n\000g\000\040\000P\000r\000o\000c\000e\000s\000s}{chapter.1}% 18
\BOOKMARK [2][-]{subsection.1.4.1}{\376\377\000T\000r\000a\000i\000n\000i\000n\000g\000\040\000v\000i\000a\000\040\000G\000r\000a\000d\000i\000e\000n\000t\000\040\000D\000e\000s\000c\000e\000n\000t}{section.1.4}% 19
\BOOKMARK [2][-]{subsection.1.4.2}{\376\377\000B\000a\000c\000k\000p\000r\000o\000p\000a\000g\000a\000t\000i\000o\000n\000\040\000A\000l\000g\000o\000r\000i\000t\000h\000m}{section.1.4}% 20
\BOOKMARK [1][-]{section.1.5}{\376\377\000E\000S\000P\0003\0002\000-\000M\000o\000d\000u\000l\000e\000\040\000S\000p\000e\000c\000i\000f\000i\000c\000a\000t\000i\000o\000n\000s\000\040\000\046\000\040\000F\000u\000n\000c\000t\000i\000o\000n\000s}{chapter.1}% 21
\BOOKMARK [2][-]{subsection.1.5.1}{\376\377\000E\000S\000P\0003\0002\000\040\000D\000a\000t\000a\000s\000h\000e\000e\000t\000\040\000S\000p\000e\000c\000i\000f\000i\000c\000a\000t\000i\000o\000n\000s}{section.1.5}% 22
\BOOKMARK [2][-]{subsection.1.5.2}{\376\377\000F\000u\000n\000c\000t\000i\000o\000n\000a\000l\000i\000t\000y\000\040\000o\000f\000\040\000E\000S\000P\0003\0002}{section.1.5}% 23
\BOOKMARK [0][-]{chapter.2}{\376\377\000C\000o\000n\000c\000e\000p\000t\000u\000a\000l\000i\000z\000a\000t\000i\000o\000n\000\040\000\046\000\040\000F\000u\000n\000c\000t\000i\000o\000n\000a\000l\000i\000t\000y}{}% 24
\BOOKMARK [1][-]{section.2.1}{\376\377\000I\000n\000t\000r\000o\000d\000u\000c\000t\000i\000o\000n}{chapter.2}% 25
\BOOKMARK [1][-]{section.2.2}{\376\377\000P\000r\000e\000p\000a\000r\000i\000n\000g\000\040\000T\000h\000e\000\040\000D\000a\000t\000a\000s\000e\000t}{chapter.2}% 26
\BOOKMARK [2][-]{subsection.2.2.1}{\376\377\000G\000o\000o\000g\000l\000e\000\040\000S\000p\000e\000e\000c\000h\000\040\000C\000o\000m\000m\000a\000n\000d\000s\000\040\000D\000a\000t\000a\000s\000e\000t}{section.2.2}% 27
\BOOKMARK [2][-]{subsection.2.2.2}{\376\377\000P\000r\000e\000d\000i\000c\000t\000i\000n\000g\000\040\000W\000o\000r\000d\000s}{section.2.2}% 28
\BOOKMARK [2][-]{subsection.2.2.3}{\376\377\000D\000a\000t\000a\000\040\000T\000r\000a\000n\000s\000f\000o\000r\000m\000a\000t\000i\000o\000n\000\040\000\046\000\040\000A\000u\000g\000m\000e\000n\000t\000a\000t\000i\000o\000n}{section.2.2}% 29
\BOOKMARK [3][-]{subsubsection.2.2.3.1}{\376\377\000D\000a\000t\000a\000\040\000S\000p\000l\000i\000t\000t\000i\000n\000g}{subsection.2.2.3}% 30
\BOOKMARK [3][-]{subsubsection.2.2.3.2}{\376\377\000D\000a\000t\000a\000\040\000A\000u\000g\000m\000e\000n\000t\000a\000t\000i\000o\000n}{subsection.2.2.3}% 31
\BOOKMARK [3][-]{subsubsection.2.2.3.3}{\376\377\000D\000a\000t\000a\000\040\000T\000r\000a\000n\000s\000f\000o\000r\000m\000a\000t\000i\000o\000n}{subsection.2.2.3}% 32
\BOOKMARK [1][-]{section.2.3}{\376\377\000D\000e\000f\000i\000n\000i\000n\000g\000\040\000T\000h\000e\000\040\000N\000e\000t\000w\000o\000r\000k\000\040\000A\000r\000c\000h\000i\000t\000e\000c\000t\000u\000r\000e}{chapter.2}% 33
\BOOKMARK [2][-]{subsection.2.3.1}{\376\377\000F\000a\000c\000t\000o\000r\000s\000\040\000t\000o\000\040\000C\000o\000n\000s\000i\000d\000e\000r}{section.2.3}% 34
\BOOKMARK [2][-]{subsection.2.3.2}{\376\377\000C\000o\000n\000v\000o\000l\000u\000t\000i\000o\000n\000a\000l\000\040\000l\000a\000y\000e\000r}{section.2.3}% 35
\BOOKMARK [2][-]{subsection.2.3.3}{\376\377\000B\000a\000t\000c\000h\000\040\000n\000o\000r\000m\000a\000l\000i\000z\000a\000t\000i\000o\000n\000\040\000l\000a\000y\000e\000r}{section.2.3}% 36
\BOOKMARK [2][-]{subsection.2.3.4}{\376\377\000R\000e\000L\000U\000\040\000l\000a\000y\000e\000r}{section.2.3}% 37
\BOOKMARK [2][-]{subsection.2.3.5}{\376\377\000M\000a\000x\000\040\000p\000o\000o\000l\000i\000n\000g\000\040\000l\000a\000y\000e\000r}{section.2.3}% 38
\BOOKMARK [2][-]{subsection.2.3.6}{\376\377\000F\000l\000a\000t\000t\000e\000n\000\040\000l\000a\000y\000e\000r}{section.2.3}% 39
\BOOKMARK [2][-]{subsection.2.3.7}{\376\377\000L\000S\000T\000M\000\040\000l\000a\000y\000e\000r}{section.2.3}% 40
\BOOKMARK [2][-]{subsection.2.3.8}{\376\377\000F\000u\000l\000l\000y\000\040\000c\000o\000n\000n\000e\000c\000t\000e\000d\000\040\000l\000a\000y\000e\000r}{section.2.3}% 41
\BOOKMARK [2][-]{subsection.2.3.9}{\376\377\000D\000r\000o\000p\000o\000u\000t\000\040\000l\000a\000y\000e\000r}{section.2.3}% 42
\BOOKMARK [2][-]{subsection.2.3.10}{\376\377\000S\000o\000f\000t\000m\000a\000x\000\040\000l\000a\000y\000e\000r}{section.2.3}% 43
\BOOKMARK [1][-]{section.2.4}{\376\377\000T\000r\000a\000i\000n\000i\000n\000g\000\040\000T\000h\000e\000\040\000M\000o\000d\000e\000l}{chapter.2}% 44
\BOOKMARK [2][-]{subsection.2.4.1}{\376\377\000H\000y\000p\000e\000r\000-\000p\000a\000r\000a\000m\000e\000t\000e\000r\000\040\000F\000i\000n\000e\000-\000T\000u\000n\000i\000n\000g\000\040\000\046\000\040\000R\000e\000f\000i\000n\000e\000m\000e\000n\000t}{section.2.4}% 45
\BOOKMARK [3][-]{subsubsection.2.4.1.1}{\376\377\000L\000e\000a\000r\000n\000i\000n\000g\000\040\000R\000a\000t\000e}{subsection.2.4.1}% 46
\BOOKMARK [3][-]{subsubsection.2.4.1.2}{\376\377\000O\000p\000t\000i\000m\000i\000z\000e\000r\000\040\000\050\000A\000d\000a\000m\000\051}{subsection.2.4.1}% 47
\BOOKMARK [3][-]{subsubsection.2.4.1.3}{\376\377\000E\000p\000o\000c\000h\000s}{subsection.2.4.1}% 48
\BOOKMARK [3][-]{subsubsection.2.4.1.4}{\376\377\000L\0002\000\040\000R\000e\000g\000u\000l\000a\000r\000i\000z\000a\000t\000i\000o\000n}{subsection.2.4.1}% 49
\BOOKMARK [2][-]{subsection.2.4.2}{\376\377\000L\000o\000s\000s\000\040\000F\000u\000n\000c\000t\000i\000o\000n}{section.2.4}% 50
\BOOKMARK [1][-]{section.2.5}{\376\377\000M\000o\000d\000e\000l\000\040\000O\000p\000t\000i\000m\000i\000z\000a\000t\000i\000o\000n}{chapter.2}% 51
\BOOKMARK [2][-]{subsection.2.5.1}{\376\377\000T\000a\000y\000l\000o\000r\000\040\000P\000r\000u\000n\000i\000n\000g}{section.2.5}% 52
\BOOKMARK [2][-]{subsection.2.5.2}{\376\377\000Q\000u\000a\000n\000t\000i\000z\000a\000t\000i\000o\000n}{section.2.5}% 53
\BOOKMARK [1][-]{section.2.6}{\376\377\000M\000o\000d\000e\000l\000\040\000E\000x\000p\000o\000r\000t\000a\000t\000i\000o\000n}{chapter.2}% 54
\BOOKMARK [2][-]{subsection.2.6.1}{\376\377\000O\000N\000N\000X}{section.2.6}% 55
\BOOKMARK [2][-]{subsection.2.6.2}{\376\377\000T\000e\000n\000s\000o\000r\000F\000l\000o\000w}{section.2.6}% 56
\BOOKMARK [3][-]{subsubsection.2.6.2.1}{\376\377\000P\000o\000l\000y\000m\000o\000r\000p\000h\000i\000c\000\040\000F\000u\000n\000c\000t\000i\000o\000n\000\040\000\046\000\040\000G\000r\000a\000p\000h\000s}{subsection.2.6.2}% 57
\BOOKMARK [3][-]{subsubsection.2.6.2.2}{\376\377\000S\000e\000r\000v\000i\000n\000g\000\040\000\046\000\040\000S\000i\000g\000n\000a\000t\000u\000r\000e\000s}{subsection.2.6.2}% 58
\BOOKMARK [3][-]{subsubsection.2.6.2.3}{\376\377\000S\000e\000r\000i\000a\000l\000i\000z\000a\000t\000i\000o\000n\000\040\000\046\000\040\000D\000e\000s\000e\000r\000i\000a\000l\000i\000z\000a\000t\000i\000o\000n}{subsection.2.6.2}% 59
\BOOKMARK [3][-]{subsubsection.2.6.2.4}{\376\377\000M\000o\000d\000e\000l\000\040\000E\000n\000c\000a\000p\000s\000u\000l\000a\000t\000i\000o\000n\000\040\000w\000i\000t\000h\000\040\000P\000r\000e\000p\000r\000o\000c\000e\000s\000s\000i\000n\000g}{subsection.2.6.2}% 60
\BOOKMARK [2][-]{subsection.2.6.3}{\376\377\000T\000e\000n\000s\000o\000r\000F\000l\000o\000w\000\040\000L\000i\000t\000e\000\040\000\050\000T\000F\000L\000i\000t\000e\000\051}{section.2.6}% 61
\BOOKMARK [3][-]{subsubsection.2.6.3.1}{\376\377\000T\000F\000L\000i\000t\000e\000\040\000I\000n\000f\000e\000r\000e\000n\000c\000e}{subsection.2.6.3}% 62
\BOOKMARK [0][-]{chapter.3}{\376\377\000R\000e\000a\000l\000i\000s\000a\000t\000i\000o\000n}{}% 63
\BOOKMARK [1][-]{section.3.1}{\376\377\000I\000n\000t\000r\000o\000d\000u\000c\000t\000i\000o\000n}{chapter.3}% 64
\BOOKMARK [1][-]{section.3.2}{\376\377\000D\000a\000t\000a\000s\000e\000t\000\040\000P\000r\000e\000p\000r\000o\000c\000e\000s\000s\000i\000n\000g\000:\000\040\000M\000e\000t\000h\000o\000d\000s\000\040\000\046\000\040\000A\000n\000a\000l\000y\000s\000i\000s}{chapter.3}% 65
\BOOKMARK [2][-]{subsection.3.2.1}{\376\377\000D\000a\000t\000a\000\040\000D\000i\000s\000t\000r\000i\000b\000u\000t\000i\000o\000n}{section.3.2}% 66
\BOOKMARK [2][-]{subsection.3.2.2}{\376\377\000F\000e\000a\000t\000u\000r\000e\000\040\000E\000x\000t\000r\000a\000c\000t\000i\000o\000n\000\040\000\046\000\040\000T\000r\000a\000n\000s\000f\000o\000r\000m\000a\000t\000i\000o\000n}{section.3.2}% 67
\BOOKMARK [2][-]{subsection.3.2.3}{\376\377\000V\000i\000s\000u\000a\000l\000i\000z\000i\000n\000g\000\040\000D\000a\000t\000a}{section.3.2}% 68
\BOOKMARK [1][-]{section.3.3}{\376\377\000N\000e\000t\000w\000o\000r\000k\000\040\000T\000r\000a\000i\000n\000i\000n\000g\000\040\000\046\000\040\000E\000v\000a\000l\000u\000a\000t\000i\000o\000n}{chapter.3}% 69
\BOOKMARK [2][-]{subsection.3.3.1}{\376\377\000N\000e\000t\000w\000o\000r\000k\000\040\000L\000a\000y\000e\000r\000s}{section.3.3}% 70
\BOOKMARK [2][-]{subsection.3.3.2}{\376\377\000T\000r\000a\000i\000n\000i\000n\000g\000\040\000F\000u\000n\000c\000t\000i\000o\000n}{section.3.3}% 71
\BOOKMARK [2][-]{subsection.3.3.3}{\376\377\000T\000r\000a\000i\000n\000i\000n\000g\000\040\000O\000p\000t\000i\000o\000n\000s}{section.3.3}% 72
\BOOKMARK [3][-]{subsubsection.3.3.3.1}{\376\377\000A\000d\000a\000m\000\040\000O\000p\000t\000i\000m\000i\000z\000e\000r}{subsection.3.3.3}% 73
\BOOKMARK [2][-]{subsection.3.3.4}{\376\377\000F\000u\000l\000l\000\040\000N\000e\000t\000w\000o\000r\000k\000\040\000A\000r\000c\000h\000i\000t\000e\000c\000t\000u\000r\000e\000\040\000V\000i\000s\000u\000a\000l\000i\000z\000a\000t\000i\000o\000n}{section.3.3}% 74
\BOOKMARK [2][-]{subsection.3.3.5}{\376\377\000T\000h\000e\000\040\000T\000r\000a\000i\000n\000i\000n\000g\000\040\000P\000r\000o\000c\000e\000s\000s}{section.3.3}% 75
\BOOKMARK [2][-]{subsection.3.3.6}{\376\377\000E\000v\000a\000l\000u\000a\000t\000i\000o\000n}{section.3.3}% 76
\BOOKMARK [3][-]{subsubsection.3.3.6.1}{\376\377\000C\000o\000n\000f\000u\000s\000i\000o\000n\000\040\000M\000a\000t\000r\000i\000x}{subsection.3.3.6}% 77
\BOOKMARK [1][-]{section.3.4}{\376\377\000M\000o\000d\000e\000l\000\040\000P\000r\000u\000n\000i\000n\000g\000\040\000\046\000\040\000Q\000u\000a\000n\000t\000i\000z\000a\000t\000i\000o\000n}{chapter.3}% 78
\BOOKMARK [2][-]{subsection.3.4.1}{\376\377\000P\000r\000u\000n\000i\000n\000g\000\040\000P\000r\000o\000c\000e\000s\000s}{section.3.4}% 79
\BOOKMARK [2][-]{subsection.3.4.2}{\376\377\000Q\000u\000a\000n\000t\000i\000z\000a\000t\000i\000o\000n\000\040\000P\000r\000o\000c\000e\000s\000s}{section.3.4}% 80
\BOOKMARK [2][-]{subsection.3.4.3}{\376\377\000C\000o\000m\000p\000r\000e\000s\000s\000i\000o\000n\000\040\000E\000v\000a\000l\000u\000a\000t\000i\000o\000n}{section.3.4}% 81
\BOOKMARK [1][-]{section.3.5}{\376\377\000I\000n\000t\000e\000g\000r\000a\000t\000i\000o\000n\000\040\000o\000n\000t\000o\000\040\000t\000h\000e\000\040\000E\000S\000P\0003\0002\000\040\000M\000o\000d\000u\000l\000e}{chapter.3}% 82
\BOOKMARK [2][-]{subsection.3.5.1}{\376\377\000F\000i\000r\000m\000w\000a\000r\000e}{section.3.5}% 83
\BOOKMARK [3][-]{subsubsection.3.5.1.1}{\376\377\000C\000o\000m\000m\000a\000n\000d\000D\000e\000t\000e\000c\000t\000o\000r\000.\000c\000p\000p}{subsection.3.5.1}% 84
\BOOKMARK [3][-]{subsubsection.3.5.1.2}{\376\377\000C\000o\000m\000m\000a\000n\000d\000P\000r\000o\000c\000e\000s\000s\000o\000r\000.\000c\000p\000p}{subsection.3.5.1}% 85
\BOOKMARK [3][-]{subsubsection.3.5.1.3}{\376\377\000m\000a\000i\000n\000.\000c\000p\000p}{subsection.3.5.1}% 86
\BOOKMARK [0][-]{chapter*.15}{\376\377\000G\000e\000n\000e\000r\000a\000l\000\040\000C\000o\000n\000c\000l\000u\000s\000i\000o\000n}{}% 87
\BOOKMARK [0][-]{chapter*.16}{\376\377\000W\000e\000b\000l\000i\000o\000g\000r\000a\000p\000h\000y}{}% 88
